[crypto-admin-templates.multipurposethemes.com/business-analytics-dashboard/index.html]
[backblue.gif]
[fade.gif]
[index.html]
[crypto-admin-templates.multipurposethemes.com/assets/vendor_components/bootstrap/dist/css/bootstrap.css]
[crypto-admin-templates.multipurposethemes.com/assets/vendor_components/chartist-js-develop/chartist.css]
[www.amcharts.com/lib/3/plugins/export/export.css]
[crypto-admin-templates.multipurposethemes.com/assets/vendor_components/bootstrap-switch/switch.css]
[crypto-admin-templates.multipurposethemes.com/business-analytics-dashboard/css/bootstrap-extend.css]
[crypto-admin-templates.multipurposethemes.com/business-analytics-dashboard/css/master_style.css]
[crypto-admin-templates.multipurposethemes.com/business-analytics-dashboard/css/skins/_all-skins.css]
[crypto-admin-templates.multipurposethemes.com/business-analytics-dashboard/index-2.html]
[crypto-admin-templates.multipurposethemes.com/images/logo-light.png]
[crypto-admin-templates.multipurposethemes.com/images/logo-dark.png]
[crypto-admin-templates.multipurposethemes.com/images/logo-light-text.png]
[crypto-admin-templates.multipurposethemes.com/images/logo-dark-text.png]
[crypto-admin-templates.multipurposethemes.com/images/user2-160x160.jpg]
[crypto-admin-templates.multipurposethemes.com/images/user3-128x128.jpg]
[crypto-admin-templates.multipurposethemes.com/images/user4-128x128.jpg]
[crypto-admin-templates.multipurposethemes.com/images/user5-128x128.jpg]
[crypto-admin-templates.multipurposethemes.com/business-analytics-dashboard/pages/reports/transactions.html]
[crypto-admin-templates.multipurposethemes.com/business-analytics-dashboard/pages/reports/top-gainers-losers.html]
[crypto-admin-templates.multipurposethemes.com/business-analytics-dashboard/pages/reports/market-capitalizations.html]
[crypto-admin-templates.multipurposethemes.com/business-analytics-dashboard/pages/reports/crypto-stats.html]
[crypto-admin-templates.multipurposethemes.com/business-analytics-dashboard/pages/ico/ico-distribution-countdown.html]
[crypto-admin-templates.multipurposethemes.com/business-analytics-dashboard/pages/ico/ico-roadmap-timeline.html]
[crypto-admin-templates.multipurposethemes.com/business-analytics-dashboard/pages/ico/ico-progress.html]
[crypto-admin-templates.multipurposethemes.com/business-analytics-dashboard/pages/ico/ico-details.html]
[crypto-admin-templates.multipurposethemes.com/business-analytics-dashboard/pages/ico/ico-listing.html]
[crypto-admin-templates.multipurposethemes.com/business-analytics-dashboard/pages/ico/ico-filter.html]
[crypto-admin-templates.multipurposethemes.com/business-analytics-dashboard/pages/currency-ex/exchange.html]
[crypto-admin-templates.multipurposethemes.com/business-analytics-dashboard/pages/members/members.html]
[crypto-admin-templates.multipurposethemes.com/business-analytics-dashboard/pages/members/members-list.html]
[crypto-admin-templates.multipurposethemes.com/business-analytics-dashboard/pages/members/member-profile.html]
[crypto-admin-templates.multipurposethemes.com/business-analytics-dashboard/pages/tickers/tickers.html]
[crypto-admin-templates.multipurposethemes.com/business-analytics-dashboard/pages/tickers/crypto-live-pricing.html]
[crypto-admin-templates.multipurposethemes.com/business-analytics-dashboard/pages/transactions/tables-transactions.html]
[crypto-admin-templates.multipurposethemes.com/business-analytics-dashboard/pages/transactions/transaction-search.html]
[crypto-admin-templates.multipurposethemes.com/business-analytics-dashboard/pages/transactions/transaction-details.html]
[crypto-admin-templates.multipurposethemes.com/business-analytics-dashboard/pages/transactions/counter-transactions.html]
[crypto-admin-templates.multipurposethemes.com/business-analytics-dashboard/pages/charts/chartjs.html]
[crypto-admin-templates.multipurposethemes.com/business-analytics-dashboard/pages/charts/flot.html]
[crypto-admin-templates.multipurposethemes.com/business-analytics-dashboard/pages/charts/inline.html]
[crypto-admin-templates.multipurposethemes.com/business-analytics-dashboard/pages/charts/morris.html]
[crypto-admin-templates.multipurposethemes.com/business-analytics-dashboard/pages/charts/peity.html]
[crypto-admin-templates.multipurposethemes.com/business-analytics-dashboard/pages/charts/chartist.html]
[crypto-admin-templates.multipurposethemes.com/business-analytics-dashboard/pages/charts/rickshaw-charts.html]
[crypto-admin-templates.multipurposethemes.com/business-analytics-dashboard/pages/charts/nvd3-charts.html]
[crypto-admin-templates.multipurposethemes.com/business-analytics-dashboard/pages/charts/echart.html]
[crypto-admin-templates.multipurposethemes.com/business-analytics-dashboard/pages/amcharts/amcharts.html]
[crypto-admin-templates.multipurposethemes.com/business-analytics-dashboard/pages/amcharts/amstock-charts.html]
[crypto-admin-templates.multipurposethemes.com/business-analytics-dashboard/pages/amcharts/ammaps.html]
[crypto-admin-templates.multipurposethemes.com/business-analytics-dashboard/pages/app/app-chat.html]
[crypto-admin-templates.multipurposethemes.com/business-analytics-dashboard/pages/app/project-table.html]
[crypto-admin-templates.multipurposethemes.com/business-analytics-dashboard/pages/app/app-contact.html]
[crypto-admin-templates.multipurposethemes.com/business-analytics-dashboard/pages/app/app-ticket.html]
[crypto-admin-templates.multipurposethemes.com/business-analytics-dashboard/pages/app/calendar.html]
[crypto-admin-templates.multipurposethemes.com/business-analytics-dashboard/pages/app/profile.html]
[crypto-admin-templates.multipurposethemes.com/business-analytics-dashboard/pages/app/userlist-grid.html]
[crypto-admin-templates.multipurposethemes.com/business-analytics-dashboard/pages/app/userlist.html]
[crypto-admin-templates.multipurposethemes.com/business-analytics-dashboard/pages/mailbox/compose.html]
[crypto-admin-templates.multipurposethemes.com/business-analytics-dashboard/pages/mailbox/mailbox.html]
[crypto-admin-templates.multipurposethemes.com/business-analytics-dashboard/pages/mailbox/read-mail.html]
[crypto-admin-templates.multipurposethemes.com/business-analytics-dashboard/pages/UI/border-utilities.html]
[crypto-admin-templates.multipurposethemes.com/business-analytics-dashboard/pages/UI/badges.html]
[crypto-admin-templates.multipurposethemes.com/business-analytics-dashboard/pages/UI/buttons.html]
[crypto-admin-templates.multipurposethemes.com/business-analytics-dashboard/pages/UI/bootstrap-switch.html]
[crypto-admin-templates.multipurposethemes.com/business-analytics-dashboard/pages/UI/color-utilities.html]
[crypto-admin-templates.multipurposethemes.com/business-analytics-dashboard/pages/UI/cards.html]
[crypto-admin-templates.multipurposethemes.com/business-analytics-dashboard/pages/UI/date-paginator.html]
[crypto-admin-templates.multipurposethemes.com/business-analytics-dashboard/pages/UI/dropdown.html]
[crypto-admin-templates.multipurposethemes.com/business-analytics-dashboard/pages/UI/dropdown-grid.html]
[crypto-admin-templates.multipurposethemes.com/business-analytics-dashboard/pages/UI/general.html]
[crypto-admin-templates.multipurposethemes.com/business-analytics-dashboard/pages/UI/media-advanced.html]
[crypto-admin-templates.multipurposethemes.com/business-analytics-dashboard/pages/UI/icons.html]
[crypto-admin-templates.multipurposethemes.com/business-analytics-dashboard/pages/UI/modals.html]
[crypto-admin-templates.multipurposethemes.com/business-analytics-dashboard/pages/UI/nestable.html]
[crypto-admin-templates.multipurposethemes.com/business-analytics-dashboard/pages/UI/notification.html]
[crypto-admin-templates.multipurposethemes.com/business-analytics-dashboard/pages/UI/portlet-draggable.html]
[crypto-admin-templates.multipurposethemes.com/business-analytics-dashboard/pages/UI/ribbons.html]
[crypto-admin-templates.multipurposethemes.com/business-analytics-dashboard/pages/UI/sliders.html]
[crypto-admin-templates.multipurposethemes.com/business-analytics-dashboard/pages/UI/sweatalert.html]
[crypto-admin-templates.multipurposethemes.com/business-analytics-dashboard/pages/UI/tab.html]
[crypto-admin-templates.multipurposethemes.com/business-analytics-dashboard/pages/UI/timeline.html]
[crypto-admin-templates.multipurposethemes.com/business-analytics-dashboard/pages/UI/timeline-horizontal.html]
[crypto-admin-templates.multipurposethemes.com/business-analytics-dashboard/pages/widgets/blog.html]
[crypto-admin-templates.multipurposethemes.com/business-analytics-dashboard/pages/widgets/chart.html]
[crypto-admin-templates.multipurposethemes.com/business-analytics-dashboard/pages/widgets/list.html]
[crypto-admin-templates.multipurposethemes.com/business-analytics-dashboard/pages/widgets/social.html]
[crypto-admin-templates.multipurposethemes.com/business-analytics-dashboard/pages/widgets/statistic.html]
[crypto-admin-templates.multipurposethemes.com/business-analytics-dashboard/pages/widgets/tiles.html]
[crypto-admin-templates.multipurposethemes.com/business-analytics-dashboard/pages/widgets/weather.html]
[crypto-admin-templates.multipurposethemes.com/business-analytics-dashboard/pages/widgets/widgets.html]
[crypto-admin-templates.multipurposethemes.com/business-analytics-dashboard/pages/layout/boxed.html]
[crypto-admin-templates.multipurposethemes.com/business-analytics-dashboard/pages/layout/fixed.html]
[crypto-admin-templates.multipurposethemes.com/business-analytics-dashboard/pages/layout/collapsed-sidebar.html]
[crypto-admin-templates.multipurposethemes.com/business-analytics-dashboard/pages/box/advanced.html]
[crypto-admin-templates.multipurposethemes.com/business-analytics-dashboard/pages/box/basic.html]
[crypto-admin-templates.multipurposethemes.com/business-analytics-dashboard/pages/box/color.html]
[crypto-admin-templates.multipurposethemes.com/business-analytics-dashboard/pages/box/group.html]
[crypto-admin-templates.multipurposethemes.com/business-analytics-dashboard/pages/forms/advanced.html]
[crypto-admin-templates.multipurposethemes.com/business-analytics-dashboard/pages/forms/code-editor.html]
[crypto-admin-templates.multipurposethemes.com/business-analytics-dashboard/pages/forms/editor-markdown.html]
[crypto-admin-templates.multipurposethemes.com/business-analytics-dashboard/pages/forms/editors.html]
[crypto-admin-templates.multipurposethemes.com/business-analytics-dashboard/pages/forms/form-validation.html]
[crypto-admin-templates.multipurposethemes.com/business-analytics-dashboard/pages/forms/form-wizard.html]
[crypto-admin-templates.multipurposethemes.com/business-analytics-dashboard/pages/forms/general.html]
[crypto-admin-templates.multipurposethemes.com/business-analytics-dashboard/pages/forms/mask.html]
[crypto-admin-templates.multipurposethemes.com/business-analytics-dashboard/pages/forms/premade.html]
[crypto-admin-templates.multipurposethemes.com/business-analytics-dashboard/pages/forms/xeditable.html]
[crypto-admin-templates.multipurposethemes.com/business-analytics-dashboard/pages/tables/simple.html]
[crypto-admin-templates.multipurposethemes.com/business-analytics-dashboard/pages/tables/data.html]
[crypto-admin-templates.multipurposethemes.com/business-analytics-dashboard/pages/tables/editable-tables.html]
[crypto-admin-templates.multipurposethemes.com/business-analytics-dashboard/pages/tables/table-color.html]
[crypto-admin-templates.multipurposethemes.com/business-analytics-dashboard/pages/email/index.html]
[crypto-admin-templates.multipurposethemes.com/business-analytics-dashboard/pages/map/map-google.html]
[crypto-admin-templates.multipurposethemes.com/business-analytics-dashboard/pages/map/map-vector.html]
[crypto-admin-templates.multipurposethemes.com/business-analytics-dashboard/pages/extension/fullscreen.html]
[crypto-admin-templates.multipurposethemes.com/business-analytics-dashboard/pages/samplepage/blank.html]
[crypto-admin-templates.multipurposethemes.com/business-analytics-dashboard/pages/samplepage/coming-soon.html]
[crypto-admin-templates.multipurposethemes.com/business-analytics-dashboard/pages/samplepage/custom-scroll.html]
[crypto-admin-templates.multipurposethemes.com/business-analytics-dashboard/pages/samplepage/faq.html]
[crypto-admin-templates.multipurposethemes.com/business-analytics-dashboard/pages/samplepage/gallery.html]
[crypto-admin-templates.multipurposethemes.com/business-analytics-dashboard/pages/samplepage/invoice.html]
[crypto-admin-templates.multipurposethemes.com/business-analytics-dashboard/pages/samplepage/lightbox.html]
[crypto-admin-templates.multipurposethemes.com/business-analytics-dashboard/pages/samplepage/pace.html]
[crypto-admin-templates.multipurposethemes.com/business-analytics-dashboard/pages/samplepage/pricing.html]
[crypto-admin-templates.multipurposethemes.com/business-analytics-dashboard/pages/samplepage/login.html]
[crypto-admin-templates.multipurposethemes.com/business-analytics-dashboard/pages/samplepage/register.html]
[crypto-admin-templates.multipurposethemes.com/business-analytics-dashboard/pages/samplepage/lockscreen.html]
[crypto-admin-templates.multipurposethemes.com/business-analytics-dashboard/pages/samplepage/user-pass.html]
[crypto-admin-templates.multipurposethemes.com/business-analytics-dashboard/pages/samplepage/404.html]
[crypto-admin-templates.multipurposethemes.com/business-analytics-dashboard/pages/samplepage/500.html]
[crypto-admin-templates.multipurposethemes.com/business-analytics-dashboard/pages/samplepage/maintenance.html]
[crypto-admin-templates.multipurposethemes.com/images/gallery/thumb/5.jpg]
[crypto-admin-templates.multipurposethemes.com/assets/vendor_components/popper/dist/popper.min.js]
[crypto-admin-templates.multipurposethemes.com/assets/vendor_components/jquery-slimscroll/jquery.slimscroll.js]
[crypto-admin-templates.multipurposethemes.com/assets/vendor_components/bootstrap/dist/js/bootstrap.js]
[crypto-admin-templates.multipurposethemes.com/assets/vendor_components/fastclick/lib/fastclick.js]
[crypto-admin-templates.multipurposethemes.com/assets/vendor_components/chartist-js-develop/chartist.min.js]
[crypto-admin-templates.multipurposethemes.com/assets/vendor_components/jquery/dist/jquery.js]
[crypto-admin-templates.multipurposethemes.com/assets/vendor_components/chart.js-master/Chart.min.js]
[www.amcharts.com/lib/3/gauge.js]
[www.amcharts.com/lib/3/serial.js]
[www.amcharts.com/lib/3/amstock.js]
[www.amcharts.com/lib/3/amcharts.js]
[www.amcharts.com/lib/3/plugins/animate/animate.min.js]
[www.amcharts.com/lib/3/pie.js]
[www.amcharts.com/lib/3/themes/patterns.js]
[www.amcharts.com/lib/3/themes/light.js]
[www.amcharts.com/lib/3/plugins/export/export.min.js]
[crypto-admin-templates.multipurposethemes.com/assets/vendor_components/datatables.net-bs/js/dataTables.bootstrap.min.js]
[crypto-admin-templates.multipurposethemes.com/assets/vendor_plugins/DataTables-1.10.15/media/js/jquery.dataTables.min.js]
[crypto-admin-templates.multipurposethemes.com/business-analytics-dashboard/js/template.js]
[crypto-admin-templates.multipurposethemes.com/assets/vendor_components/datatables.net/js/jquery.dataTables.min.js]
[crypto-admin-templates.multipurposethemes.com/business-analytics-dashboard/js/pages/dashboard.js]
[crypto-admin-templates.multipurposethemes.com/business-analytics-dashboard/js/pages/dashboard-chart.js]
[crypto-admin-templates.multipurposethemes.com/business-analytics-dashboard/js/pages/project-table-dashboard.js]
[crypto-admin-templates.multipurposethemes.com/business-analytics-dashboard/index.html]
[crypto-admin-templates.multipurposethemes.com/assets/vendor_components/bootstrap/dist/css/bootstrap.css]
[www.amcharts.com/lib/3/plugins/export/export.css]
[crypto-admin-templates.multipurposethemes.com/assets/vendor_components/chartist-js-develop/chartist.css]
[crypto-admin-templates.multipurposethemes.com/assets/vendor_components/bootstrap-switch/switch.css]
[crypto-admin-templates.multipurposethemes.com/business-analytics-dashboard/css/bootstrap-extend.css]
[crypto-admin-templates.multipurposethemes.com/business-analytics-dashboard/js/demo.js]
[crypto-admin-templates.multipurposethemes.com/assets/vendor_components/font-awesome/css/font-awesome.css]
[crypto-admin-templates.multipurposethemes.com/assets/vendor_components/Ionicons/css/ionicons.css]
[crypto-admin-templates.multipurposethemes.com/assets/vendor_components/themify-icons/themify-icons.css]
[crypto-admin-templates.multipurposethemes.com/assets/vendor_components/linea-icons/linea.css]
[crypto-admin-templates.multipurposethemes.com/assets/vendor_components/glyphicons/glyphicon.css]
[crypto-admin-templates.multipurposethemes.com/assets/vendor_components/flag-icon/css/flag-icon.css]
[crypto-admin-templates.multipurposethemes.com/assets/vendor_components/material-design-iconic-font/css/materialdesignicons.css]
[crypto-admin-templates.multipurposethemes.com/assets/vendor_components/simple-line-icons-master/css/simple-line-icons.css]
[crypto-admin-templates.multipurposethemes.com/assets/vendor_components/cryptocoins-master/webfont/cryptocoins.css]
[crypto-admin-templates.multipurposethemes.com/images/boxed-bg.png]
[crypto-admin-templates.multipurposethemes.com/images/login-register.jpg]
[crypto-admin-templates.multipurposethemes.com/images/bg-e.jpg]
[crypto-admin-templates.multipurposethemes.com/business-analytics-dashboard/css/master_style.css]
[crypto-admin-templates.multipurposethemes.com/business-analytics-dashboard/css/skins/_all-skins.css]
[crypto-admin-templates.multipurposethemes.com/business-analytics-dashboard/index-2.html]
[crypto-admin-templates.multipurposethemes.com/assets/vendor_components/bootstrap/dist/css/bootstrap.min.css]
[crypto-admin-templates.multipurposethemes.com/business-analytics-dashboard/pages/reports/index.html]
[crypto-admin-templates.multipurposethemes.com/assets/vendor_components/bootstrap/dist/js/bootstrap.min.js]
[crypto-admin-templates.multipurposethemes.com/assets/vendor_components/jquery-slimscroll/jquery.slimscroll.min.js]
[crypto-admin-templates.multipurposethemes.com/business-analytics-dashboard/pages/reports/transactions.html]
[crypto-admin-templates.multipurposethemes.com/business-analytics-dashboard/pages/reports/top-gainers-losers.html]
[crypto-admin-templates.multipurposethemes.com/assets/vendor_components/jquery/dist/jquery.min.js]
[crypto-admin-templates.multipurposethemes.com/business-analytics-dashboard/js/pages/market-capitalizations.js]
[crypto-admin-templates.multipurposethemes.com/business-analytics-dashboard/pages/reports/market-capitalizations.html]
[crypto-admin-templates.multipurposethemes.com/assets/vendor_components/jquery-sparkline/dist/jquery.sparkline.min.js]
[crypto-admin-templates.multipurposethemes.com/business-analytics-dashboard/pages/reports/crypto-stats.html]
[crypto-admin-templates.multipurposethemes.com/business-analytics-dashboard/js/pages/chartjs-int.js]
[crypto-admin-templates.multipurposethemes.com/assets/vendor_components/FlipClock-master/compiled/flipclock.css]
[crypto-admin-templates.multipurposethemes.com/business-analytics-dashboard/pages/ico/index.html]
[crypto-admin-templates.multipurposethemes.com/business-analytics-dashboard/js/pages/countdown.js]
[crypto-admin-templates.multipurposethemes.com/business-analytics-dashboard/pages/ico/ico-distribution-countdown.html]
[crypto-admin-templates.multipurposethemes.com/business-analytics-dashboard/pages/ico/ico-roadmap-timeline.html]
[crypto-admin-templates.multipurposethemes.com/assets/vendor_components/FlipClock-master/compiled/flipclock.min.js]
[crypto-admin-templates.multipurposethemes.com/business-analytics-dashboard/pages/ico/ico-progress.html]
[crypto-admin-templates.multipurposethemes.com/business-analytics-dashboard/js/pages/progress-animation.js]
[crypto-admin-templates.multipurposethemes.com/assets/vendor_components/Magnific-Popup-master/dist/magnific-popup.css]
[crypto-admin-templates.multipurposethemes.com/images/gallery/thumb/4.jpg]
[crypto-admin-templates.multipurposethemes.com/images/gallery/thumb/6.jpg]
[crypto-admin-templates.multipurposethemes.com/images/gallery/thumb/1.jpg]
[crypto-admin-templates.multipurposethemes.com/assets/vendor_components/Magnific-Popup-master/dist/jquery.magnific-popup.min.js]
[crypto-admin-templates.multipurposethemes.com/business-analytics-dashboard/pages/ico/ico-details.html]
[crypto-admin-templates.multipurposethemes.com/business-analytics-dashboard/pages/ico/ico-listing.html]
[crypto-admin-templates.multipurposethemes.com/assets/vendor_components/Magnific-Popup-master/dist/jquery.magnific-popup-init.js]
[crypto-admin-templates.multipurposethemes.com/business-analytics-dashboard/pages/ico/ico-filter.html]
[crypto-admin-templates.multipurposethemes.com/business-analytics-dashboard/js/pages/ico-filter.js]
[crypto-admin-templates.multipurposethemes.com/assets/vendor_components/select2/dist/css/select2.min.css]
[crypto-admin-templates.multipurposethemes.com/business-analytics-dashboard/pages/currency-ex/index.bd.delayed]
[crypto-admin-templates.multipurposethemes.com/business-analytics-dashboard/pages/currency-ex/exchange.html]
[crypto-admin-templates.multipurposethemes.com/business-analytics-dashboard/pages/members/index.html]
[crypto-admin-templates.multipurposethemes.com/images/card/1.jpg]
[crypto-admin-templates.multipurposethemes.com/assets/vendor_components/mixitup-v3/dist/mixitup.js]
[crypto-admin-templates.multipurposethemes.com/assets/vendor_components/select2/dist/js/select2.full.js]
[crypto-admin-templates.multipurposethemes.com/images/card/2.jpg]
[crypto-admin-templates.multipurposethemes.com/images/card/3.jpg]
[crypto-admin-templates.multipurposethemes.com/images/card/4.jpg]
[crypto-admin-templates.multipurposethemes.com/business-analytics-dashboard/pages/members/members.html]
[crypto-admin-templates.multipurposethemes.com/images/avatar/1.jpg]
[crypto-admin-templates.multipurposethemes.com/images/avatar/2.jpg]
[crypto-admin-templates.multipurposethemes.com/images/avatar/4.jpg]
[crypto-admin-templates.multipurposethemes.com/images/avatar/5.jpg]
[crypto-admin-templates.multipurposethemes.com/images/avatar/6.jpg]
[crypto-admin-templates.multipurposethemes.com/images/avatar/7.jpg]
[crypto-admin-templates.multipurposethemes.com/images/avatar/8.jpg]
[crypto-admin-templates.multipurposethemes.com/images/avatar/9.jpg]
[crypto-admin-templates.multipurposethemes.com/images/avatar/3.jpg]
[crypto-admin-templates.multipurposethemes.com/business-analytics-dashboard/js/pages/member-list.js]
[crypto-admin-templates.multipurposethemes.com/business-analytics-dashboard/pages/members/members-list.html]
[crypto-admin-templates.multipurposethemes.com/images/5.jpg]
[crypto-admin-templates.multipurposethemes.com/business-analytics-dashboard/pages/members/member-profile.html]
[crypto-admin-templates.multipurposethemes.com/business-analytics-dashboard/pages/tickers/index.cf.delayed]
[crypto-admin-templates.multipurposethemes.com/assets/vendor_components/Web-Ticker-master/jquery.webticker.min.js]
[crypto-admin-templates.multipurposethemes.com/business-analytics-dashboard/pages/tickers/tickers.html]
[crypto-admin-templates.multipurposethemes.com/business-analytics-dashboard/pages/tickers/crypto-live-pricing.html]
[crypto-admin-templates.multipurposethemes.com/business-analytics-dashboard/js/pages/web-ticker.js]
[crypto-admin-templates.multipurposethemes.com/business-analytics-dashboard/pages/transactions/index.html]
[crypto-admin-templates.multipurposethemes.com/business-analytics-dashboard/pages/transactions/tables-transactions.html]
[crypto-admin-templates.multipurposethemes.com/business-analytics-dashboard/pages/transactions/transaction-search.html]
[crypto-admin-templates.multipurposethemes.com/images/qrcode.png]
[crypto-admin-templates.multipurposethemes.com/business-analytics-dashboard/pages/transactions/transaction-details.html]
[crypto-admin-templates.multipurposethemes.com/business-analytics-dashboard/pages/transactions/counter-transactions.html]
[crypto-admin-templates.multipurposethemes.com/assets/vendor_components/countdown/countdown.js]
[crypto-admin-templates.multipurposethemes.com/business-analytics-dashboard/pages/charts/index.html]
[crypto-admin-templates.multipurposethemes.com/business-analytics-dashboard/pages/charts/chartjs.html]
[crypto-admin-templates.multipurposethemes.com/business-analytics-dashboard/js/pages/widget-charts2.js]
[crypto-admin-templates.multipurposethemes.com/assets/vendor_components/Flot/jquery.flot.resize.js]
[crypto-admin-templates.multipurposethemes.com/assets/vendor_components/Flot/jquery.flot.categories.js]
[crypto-admin-templates.multipurposethemes.com/assets/vendor_components/Flot/jquery.flot.pie.js]
[crypto-admin-templates.multipurposethemes.com/business-analytics-dashboard/pages/charts/flot.html]
[crypto-admin-templates.multipurposethemes.com/business-analytics-dashboard/js/pages/widget-flot-charts.js]
[crypto-admin-templates.multipurposethemes.com/business-analytics-dashboard/pages/charts/inline.html]
[crypto-admin-templates.multipurposethemes.com/assets/vendor_components/Flot/jquery.flot.js]
[crypto-admin-templates.multipurposethemes.com/business-analytics-dashboard/js/pages/widget-inline-charts.js]
[crypto-admin-templates.multipurposethemes.com/assets/vendor_components/jquery-knob/js/jquery.knob.js]
[crypto-admin-templates.multipurposethemes.com/assets/vendor_components/morris.js/morris.css]
[crypto-admin-templates.multipurposethemes.com/business-analytics-dashboard/pages/charts/morris.html]
[crypto-admin-templates.multipurposethemes.com/business-analytics-dashboard/js/pages/widget-morris-charts.js]
[crypto-admin-templates.multipurposethemes.com/assets/vendor_components/morris.js/morris.min.js]
[crypto-admin-templates.multipurposethemes.com/assets/vendor_components/jquery.peity/jquery.peity.js]
[crypto-admin-templates.multipurposethemes.com/business-analytics-dashboard/pages/charts/peity.html]
[crypto-admin-templates.multipurposethemes.com/business-analytics-dashboard/js/pages/peity.js]
[crypto-admin-templates.multipurposethemes.com/assets/vendor_components/raphael/raphael.min.js]
[crypto-admin-templates.multipurposethemes.com/business-analytics-dashboard/pages/charts/chartist.html]
[crypto-admin-templates.multipurposethemes.com/business-analytics-dashboard/js/pages/widget-chartist.js]
[crypto-admin-templates.multipurposethemes.com/assets/vendor_components/rickshaw-master/rickshaw.min.css]
[crypto-admin-templates.multipurposethemes.com/business-analytics-dashboard/pages/charts/rickshaw-charts.html]
[crypto-admin-templates.multipurposethemes.com/business-analytics-dashboard/js/pages/rickshaw-chart.js]
[crypto-admin-templates.multipurposethemes.com/assets/vendor_components/nvd3/nv.d3.min.css]
[crypto-admin-templates.multipurposethemes.com/assets/vendor_components/nvd3/lib/stream_layers.js]
[crypto-admin-templates.multipurposethemes.com/assets/vendor_components/rickshaw-master/rickshaw.min.js]
[crypto-admin-templates.multipurposethemes.com/assets/vendor_components/nvd3/src/utils.js]
[crypto-admin-templates.multipurposethemes.com/assets/vendor_components/rickshaw-master/vendor/d3.v3.js]
[crypto-admin-templates.multipurposethemes.com/business-analytics-dashboard/pages/charts/nvd3-charts.html]
[crypto-admin-templates.multipurposethemes.com/business-analytics-dashboard/js/pages/nvd3-charts.js]
[crypto-admin-templates.multipurposethemes.com/assets/vendor_components/nvd3/nv.d3.min.js]
[crypto-admin-templates.multipurposethemes.com/assets/vendor_components/nvd3/lib/d3.v3.js]
[crypto-admin-templates.multipurposethemes.com/business-analytics-dashboard/pages/charts/echart.html]
[crypto-admin-templates.multipurposethemes.com/business-analytics-dashboard/pages/amcharts/index.html]
[www.amcharts.com/lib/3/radar.js]
[crypto-admin-templates.multipurposethemes.com/business-analytics-dashboard/js/pages/echarts.js]
[crypto-admin-templates.multipurposethemes.com/business-analytics-dashboard/pages/amcharts/amcharts.html]
[crypto-admin-templates.multipurposethemes.com/assets/vendor_components/echarts-liquidfill-master/dist/echarts-liquidfill.min.js]
[crypto-admin-templates.multipurposethemes.com/business-analytics-dashboard/js/pages/amcharts/charts.js]
[crypto-admin-templates.multipurposethemes.com/business-analytics-dashboard/pages/amcharts/amstock-charts.html]
[crypto-admin-templates.multipurposethemes.com/business-analytics-dashboard/js/pages/amcharts/stock-charts.js]
[www.amcharts.com/lib/3/maps/js/usaLow.js]
[www.amcharts.com/lib/3/ammap.js]
[www.amcharts.com/lib/3/maps/js/worldLow.js]
[crypto-admin-templates.multipurposethemes.com/business-analytics-dashboard/pages/amcharts/ammaps.html]
[crypto-admin-templates.multipurposethemes.com/business-analytics-dashboard/js/pages/amcharts/maps.js]
[crypto-admin-templates.multipurposethemes.com/business-analytics-dashboard/pages/app/index.fb.delayed]
[crypto-admin-templates.multipurposethemes.com/images/user1-128x128.jpg]
[crypto-admin-templates.multipurposethemes.com/business-analytics-dashboard/js/pages/app-chat.js]
[crypto-admin-templates.multipurposethemes.com/business-analytics-dashboard/pages/app/app-chat.html]
[crypto-admin-templates.multipurposethemes.com/business-analytics-dashboard/pages/app/project-table.html]
[crypto-admin-templates.multipurposethemes.com/business-analytics-dashboard/js/pages/project-table.js]
[crypto-admin-templates.multipurposethemes.com/business-analytics-dashboard/pages/app/app-contact.html]
[crypto-admin-templates.multipurposethemes.com/business-analytics-dashboard/js/pages/data-table.js]
[crypto-admin-templates.multipurposethemes.com/business-analytics-dashboard/pages/app/app-ticket.html]
[crypto-admin-templates.multipurposethemes.com/assets/vendor_components/fullcalendar/dist/fullcalendar.min.css]
[crypto-admin-templates.multipurposethemes.com/assets/vendor_components/fullcalendar/dist/fullcalendar.print.min.css]
[crypto-admin-templates.multipurposethemes.com/assets/vendor_components/moment/moment.js]
[crypto-admin-templates.multipurposethemes.com/assets/vendor_components/jquery-ui/jquery-ui.min.js]
[crypto-admin-templates.multipurposethemes.com/business-analytics-dashboard/js/pages/calendar.js]
[crypto-admin-templates.multipurposethemes.com/business-analytics-dashboard/pages/app/calendar.html]
[crypto-admin-templates.multipurposethemes.com/assets/vendor_components/echarts-master/dist/echarts-en.min.js]
[crypto-admin-templates.multipurposethemes.com/images/user6-128x128.jpg]
[crypto-admin-templates.multipurposethemes.com/images/photo1.png]
[crypto-admin-templates.multipurposethemes.com/images/photo2.png]
[crypto-admin-templates.multipurposethemes.com/assets/vendor_components/fullcalendar/dist/fullcalendar.min.js]
[crypto-admin-templates.multipurposethemes.com/images/photo3.jpg]
[www.amcharts.com/lib/3/maps/js/worldHigh.js]
[crypto-admin-templates.multipurposethemes.com/images/photo4.jpg]
[crypto-admin-templates.multipurposethemes.com/images/user7-128x128.jpg]
[crypto-admin-templates.multipurposethemes.com/business-analytics-dashboard/pages/app/profile.html]
[crypto-admin-templates.multipurposethemes.com/business-analytics-dashboard/pages/app/userlist-grid.html]
[crypto-admin-templates.multipurposethemes.com/business-analytics-dashboard/pages/app/userlist.html]
[crypto-admin-templates.multipurposethemes.com/assets/vendor_plugins/iCheck/flat/blue.css]
[crypto-admin-templates.multipurposethemes.com/business-analytics-dashboard/pages/mailbox/index.html]
[crypto-admin-templates.multipurposethemes.com/assets/vendor_plugins/iCheck/icheck.js]
[crypto-admin-templates.multipurposethemes.com/business-analytics-dashboard/js/pages/mailbox.js]
[crypto-admin-templates.multipurposethemes.com/business-analytics-dashboard/pages/mailbox/mailbox.html]
[crypto-admin-templates.multipurposethemes.com/assets/vendor_plugins/bootstrap-wysihtml5/bootstrap3-wysihtml5.min.css]
[crypto-admin-templates.multipurposethemes.com/assets/vendor_plugins/bootstrap-wysihtml5/bootstrap3-wysihtml5.all.min.js]
[crypto-admin-templates.multipurposethemes.com/business-analytics-dashboard/pages/mailbox/compose.html]
[crypto-admin-templates.multipurposethemes.com/images/1.jpg]
[crypto-admin-templates.multipurposethemes.com/business-analytics-dashboard/pages/mailbox/read-mail.html]
[crypto-admin-templates.multipurposethemes.com/business-analytics-dashboard/pages/UI/index.113.delayed]
[crypto-admin-templates.multipurposethemes.com/business-analytics-dashboard/pages/UI/badges.html]
[crypto-admin-templates.multipurposethemes.com/business-analytics-dashboard/pages/content/utilities-color.html]
[crypto-admin-templates.multipurposethemes.com/business-analytics-dashboard/pages/UI/border-utilities.html]
[crypto-admin-templates.multipurposethemes.com/business-analytics-dashboard/pages/UI/buttons.html]
[crypto-admin-templates.multipurposethemes.com/business-analytics-dashboard/pages/UI/bootstrap-switch.html]
[crypto-admin-templates.multipurposethemes.com/images/card/img1.jpg]
[crypto-admin-templates.multipurposethemes.com/images/card/img2.jpg]
[crypto-admin-templates.multipurposethemes.com/images/card/img3.jpg]
[crypto-admin-templates.multipurposethemes.com/business-analytics-dashboard/pages/plugins/images/users/1.118.delayed]
[crypto-admin-templates.multipurposethemes.com/business-analytics-dashboard/pages/UI/cards.html]
[crypto-admin-templates.multipurposethemes.com/business-analytics-dashboard/pages/UI/color-utilities.html]
[crypto-admin-templates.multipurposethemes.com/assets/vendor_components/bootstrap-datepicker/dist/css/bootstrap-datepicker.min.css]
[crypto-admin-templates.multipurposethemes.com/assets/vendor_components/date-paginator/moment.min.js]
[crypto-admin-templates.multipurposethemes.com/assets/vendor_components/bootstrap-datepicker/dist/js/bootstrap-datepicker.min.js]
[crypto-admin-templates.multipurposethemes.com/assets/vendor_components/date-paginator/bootstrap-datepaginator.min.js]
[crypto-admin-templates.multipurposethemes.com/business-analytics-dashboard/js/pages/datepaginator.js]
[crypto-admin-templates.multipurposethemes.com/business-analytics-dashboard/pages/UI/date-paginator.html]
[crypto-admin-templates.multipurposethemes.com/business-analytics-dashboard/pages/UI/dropdown.html]
[crypto-admin-templates.multipurposethemes.com/business-analytics-dashboard/pages/UI/dropdown-grid.html]
[crypto-admin-templates.multipurposethemes.com/business-analytics-dashboard/pages/UI/general.html]
[crypto-admin-templates.multipurposethemes.com/business-analytics-dashboard/pages/UI/icons.html]
[crypto-admin-templates.multipurposethemes.com/images/avatar.png]
[crypto-admin-templates.multipurposethemes.com/images/avatar2.png]
[crypto-admin-templates.multipurposethemes.com/images/avatar3.png]
[crypto-admin-templates.multipurposethemes.com/business-analytics-dashboard/js/pages/media.js]
[crypto-admin-templates.multipurposethemes.com/business-analytics-dashboard/pages/UI/media-advanced.html]
[crypto-admin-templates.multipurposethemes.com/images/model2.png]
[crypto-admin-templates.multipurposethemes.com/images/model.png]
[crypto-admin-templates.multipurposethemes.com/images/model3.png]
[crypto-admin-templates.multipurposethemes.com/business-analytics-dashboard/pages/UI/modals.html]
[crypto-admin-templates.multipurposethemes.com/assets/vendor_components/nestable/nestable.css]
[crypto-admin-templates.multipurposethemes.com/assets/vendor_components/nestable/jquery.nestable.js]
[crypto-admin-templates.multipurposethemes.com/business-analytics-dashboard/js/pages/nestable.js]
[crypto-admin-templates.multipurposethemes.com/business-analytics-dashboard/pages/UI/nestable.html]
[crypto-admin-templates.multipurposethemes.com/assets/vendor_components/jquery-toast-plugin-master/src/jquery.toast.css]
[crypto-admin-templates.multipurposethemes.com/images/avatar5.png]
[crypto-admin-templates.multipurposethemes.com/assets/vendor_components/jquery-toast-plugin-master/src/jquery.toast.js]
[crypto-admin-templates.multipurposethemes.com/business-analytics-dashboard/js/pages/toastr.js]
[crypto-admin-templates.multipurposethemes.com/business-analytics-dashboard/js/pages/notification.js]
[crypto-admin-templates.multipurposethemes.com/business-analytics-dashboard/pages/UI/notification.html]
[crypto-admin-templates.multipurposethemes.com/assets/vendor_components/gridstack/gridstack.css]
[cdnjs.cloudflare.com/ajax/libs/jqueryui-touch-punch/0.2.3/jquery.ui.touch-punch.min.js]
[crypto-admin-templates.multipurposethemes.com/assets/vendor_components/gridstack/gridstack.js]
[crypto-admin-templates.multipurposethemes.com/assets/vendor_components/gridstack/gridstack.jQueryUI.js]
[crypto-admin-templates.multipurposethemes.com/business-analytics-dashboard/js/pages/draggableportlets.js]
[crypto-admin-templates.multipurposethemes.com/business-analytics-dashboard/pages/UI/portlet-draggable.html]
[crypto-admin-templates.multipurposethemes.com/business-analytics-dashboard/pages/UI/ribbons.html]
[crypto-admin-templates.multipurposethemes.com/assets/vendor_plugins/bootstrap-slider/slider.css]
[crypto-admin-templates.multipurposethemes.com/images/img1.jpg]
[crypto-admin-templates.multipurposethemes.com/assets/vendor_components/jquery-ui/jquery-ui.js]
[crypto-admin-templates.multipurposethemes.com/assets/vendor_components/gridstack/lodash.js]
[crypto-admin-templates.multipurposethemes.com/images/img2.jpg]
[crypto-admin-templates.multipurposethemes.com/images/img3.jpg]
[crypto-admin-templates.multipurposethemes.com/assets/vendor_plugins/bootstrap-slider/bootstrap-slider.js]
[crypto-admin-templates.multipurposethemes.com/business-analytics-dashboard/pages/UI/sliders.html]
[crypto-admin-templates.multipurposethemes.com/assets/vendor_components/sweetalert/sweetalert.css]
[crypto-admin-templates.multipurposethemes.com/images/alert/alert5.png]
[crypto-admin-templates.multipurposethemes.com/images/alert/alert7.png]
[crypto-admin-templates.multipurposethemes.com/images/alert/alert6.png]
[crypto-admin-templates.multipurposethemes.com/images/alert/alert.png]
[crypto-admin-templates.multipurposethemes.com/images/alert/alert2.png]
[crypto-admin-templates.multipurposethemes.com/images/alert/alert3.png]
[crypto-admin-templates.multipurposethemes.com/images/alert/alert4.png]
[crypto-admin-templates.multipurposethemes.com/assets/vendor_components/sweetalert/sweetalert.min.js]
[crypto-admin-templates.multipurposethemes.com/assets/vendor_components/sweetalert/jquery.sweet-alert.custom.js]
[crypto-admin-templates.multipurposethemes.com/business-analytics-dashboard/pages/UI/sweatalert.html]
[crypto-admin-templates.multipurposethemes.com/business-analytics-dashboard/pages/UI/tab.html]
[crypto-admin-templates.multipurposethemes.com/images/150x100.png]
[crypto-admin-templates.multipurposethemes.com/business-analytics-dashboard/pages/UI/timeline.html]
[crypto-admin-templates.multipurposethemes.com/assets/vendor_components/horizontal-timeline/css/horizontal-timeline.css]
[crypto-admin-templates.multipurposethemes.com/assets/vendor_components/horizontal-timeline/js/horizontal-timeline.js]
[crypto-admin-templates.multipurposethemes.com/business-analytics-dashboard/pages/UI/timeline-horizontal.html]
[crypto-admin-templates.multipurposethemes.com/business-analytics-dashboard/pages/widgets/index.html]
[crypto-admin-templates.multipurposethemes.com/images/gallery/thumb/13.jpg]
[crypto-admin-templates.multipurposethemes.com/images/gallery/thumb/9.jpg]
[crypto-admin-templates.multipurposethemes.com/images/gallery/thumb/12.jpg]
[crypto-admin-templates.multipurposethemes.com/images/gallery/thumb/11.jpg]
[crypto-admin-templates.multipurposethemes.com/images/gallery/thumb/18.jpg]
[crypto-admin-templates.multipurposethemes.com/images/gallery/thumb/2.jpg]
[crypto-admin-templates.multipurposethemes.com/images/gallery/thumb/8.jpg]
[crypto-admin-templates.multipurposethemes.com/business-analytics-dashboard/pages/widgets/blog.html]
[crypto-admin-templates.multipurposethemes.com/assets/vendor_components/easypiechart/dist/jquery.easypiechart.js]
[crypto-admin-templates.multipurposethemes.com/business-analytics-dashboard/js/pages/chart-widgets.js]
[crypto-admin-templates.multipurposethemes.com/business-analytics-dashboard/pages/widgets/chart.html]
[crypto-admin-templates.multipurposethemes.com/images/gallery/thumb/3.jpg]
[crypto-admin-templates.multipurposethemes.com/business-analytics-dashboard/pages/widgets/list.html]
[crypto-admin-templates.multipurposethemes.com/images/gallery/full/1.jpg]
[crypto-admin-templates.multipurposethemes.com/images/gallery/full/2.jpg]
[crypto-admin-templates.multipurposethemes.com/images/gallery/thumb-sm/1.jpg]
[crypto-admin-templates.multipurposethemes.com/images/gallery/thumb/10.jpg]
[crypto-admin-templates.multipurposethemes.com/images/gallery/thumb/16.jpg]
[crypto-admin-templates.multipurposethemes.com/business-analytics-dashboard/pages/widgets/social.html]
[crypto-admin-templates.multipurposethemes.com/business-analytics-dashboard/pages/widgets/statistic.html]
[crypto-admin-templates.multipurposethemes.com/business-analytics-dashboard/pages/widgets/tiles.html]
[crypto-admin-templates.multipurposethemes.com/assets/vendor_components/weather-icons/weather-icons.css]
[crypto-admin-templates.multipurposethemes.com/images/placeholder.jpg]
[crypto-admin-templates.multipurposethemes.com/assets/vendor_plugins/weather-icons/WeatherIcon.js]
[crypto-admin-templates.multipurposethemes.com/business-analytics-dashboard/pages/widgets/weather.html]
[crypto-admin-templates.multipurposethemes.com/business-analytics-dashboard/pages/widgets/widgets.html]
[crypto-admin-templates.multipurposethemes.com/business-analytics-dashboard/js/pages/widget-weather.js]
[crypto-admin-templates.multipurposethemes.com/business-analytics-dashboard/pages/layout/index.html]
[crypto-admin-templates.multipurposethemes.com/business-analytics-dashboard/pages/layout/boxed.html]
[crypto-admin-templates.multipurposethemes.com/business-analytics-dashboard/pages/layout/fixed.html]
[crypto-admin-templates.multipurposethemes.com/business-analytics-dashboard/pages/layout/collapsed-sidebar.html]
[crypto-admin-templates.multipurposethemes.com/business-analytics-dashboard/pages/box/index.html]
[crypto-admin-templates.multipurposethemes.com/business-analytics-dashboard/pages/box/advanced.html]
[crypto-admin-templates.multipurposethemes.com/business-analytics-dashboard/pages/box/basic.html]
[crypto-admin-templates.multipurposethemes.com/business-analytics-dashboard/pages/ui/general-2.html]
[crypto-admin-templates.multipurposethemes.com/business-analytics-dashboard/pages/box/color.html]
[crypto-admin-templates.multipurposethemes.com/images/gallery/thumb/7.jpg]
[crypto-admin-templates.multipurposethemes.com/business-analytics-dashboard/pages/box/group.html]
[crypto-admin-templates.multipurposethemes.com/assets/vendor_components/bootstrap-daterangepicker/daterangepicker.css]
[crypto-admin-templates.multipurposethemes.com/assets/vendor_plugins/iCheck/all.css]
[crypto-admin-templates.multipurposethemes.com/assets/vendor_components/bootstrap-colorpicker/dist/css/bootstrap-colorpicker.min.css]
[crypto-admin-templates.multipurposethemes.com/assets/vendor_plugins/timepicker/bootstrap-timepicker.min.css]
[crypto-admin-templates.multipurposethemes.com/business-analytics-dashboard/pages/forms/index.html]
[crypto-admin-templates.multipurposethemes.com/assets/vendor_plugins/input-mask/jquery.inputmask.js]
[crypto-admin-templates.multipurposethemes.com/assets/vendor_plugins/input-mask/jquery.inputmask.date.extensions.js]
[crypto-admin-templates.multipurposethemes.com/assets/vendor_plugins/input-mask/jquery.inputmask.extensions.js]
[crypto-admin-templates.multipurposethemes.com/assets/vendor_components/moment/min/moment.min.js]
[crypto-admin-templates.multipurposethemes.com/assets/vendor_components/bootstrap-daterangepicker/daterangepicker.js]
[crypto-admin-templates.multipurposethemes.com/assets/vendor_components/bootstrap-colorpicker/dist/js/bootstrap-colorpicker.min.js]
[crypto-admin-templates.multipurposethemes.com/assets/vendor_plugins/timepicker/bootstrap-timepicker.min.js]
[crypto-admin-templates.multipurposethemes.com/assets/vendor_plugins/iCheck/icheck.min.js]
[crypto-admin-templates.multipurposethemes.com/business-analytics-dashboard/pages/forms/advanced.html]
[crypto-admin-templates.multipurposethemes.com/business-analytics-dashboard/js/pages/advanced-form-element.js]
[crypto-admin-templates.multipurposethemes.com/business-analytics-dashboard/js/pages/codeeditor.js]
[crypto-admin-templates.multipurposethemes.com/business-analytics-dashboard/pages/forms/code-editor.html]
[crypto-admin-templates.multipurposethemes.com/assets/vendor_components/bootstrap-markdown-master/css/bootstrap-markdown.css]
[crypto-admin-templates.multipurposethemes.com/assets/vendor_components/bootstrap-markdown-master/js/bootstrap-markdown.js]
[crypto-admin-templates.multipurposethemes.com/assets/vendor_components/marked/marked.js]
[crypto-admin-templates.multipurposethemes.com/business-analytics-dashboard/pages/forms/editor-markdown.html]
[crypto-admin-templates.multipurposethemes.com/assets/vendor_components/to-markdown/to-markdown.js]
[crypto-admin-templates.multipurposethemes.com/assets/vendor_plugins/bootstrap-wysihtml5/bootstrap3-wysihtml5.css]
[crypto-admin-templates.multipurposethemes.com/business-analytics-dashboard/pages/forms/editors.html]
[crypto-admin-templates.multipurposethemes.com/business-analytics-dashboard/js/pages/editor.js]
[crypto-admin-templates.multipurposethemes.com/business-analytics-dashboard/js/pages/validation.js]
[crypto-admin-templates.multipurposethemes.com/business-analytics-dashboard/pages/forms/form-validation.html]
[crypto-admin-templates.multipurposethemes.com/assets/vendor_plugins/ace-builds-master/src-min-noconflict/ace.js]
[crypto-admin-templates.multipurposethemes.com/assets/vendor_components/jquery-validation-1.17.0/dist/jquery.validate.min.js]
[crypto-admin-templates.multipurposethemes.com/assets/vendor_components/jquery-steps-master/build/jquery.steps.js]
[crypto-admin-templates.multipurposethemes.com/business-analytics-dashboard/pages/forms/form-wizard.html]
[crypto-admin-templates.multipurposethemes.com/business-analytics-dashboard/pages/forms/general.html]
[crypto-admin-templates.multipurposethemes.com/business-analytics-dashboard/js/pages/steps.js]
[crypto-admin-templates.multipurposethemes.com/assets/vendor_components/formatter/formatter.js]
[crypto-admin-templates.multipurposethemes.com/assets/vendor_components/formatter/jquery.formatter.js]
[crypto-admin-templates.multipurposethemes.com/business-analytics-dashboard/js/pages/formatter.js]
[crypto-admin-templates.multipurposethemes.com/business-analytics-dashboard/pages/forms/mask.html]
[crypto-admin-templates.multipurposethemes.com/business-analytics-dashboard/pages/forms/premade.html]
[crypto-admin-templates.multipurposethemes.com/assets/vendor_components/x-editable/dist/bootstrap3-editable/css/bootstrap-editable.css]
[crypto-admin-templates.multipurposethemes.com/assets/vendor_components/moment/src/moment2.js]
[crypto-admin-templates.multipurposethemes.com/business-analytics-dashboard/js/pages/xeditable.js]
[crypto-admin-templates.multipurposethemes.com/business-analytics-dashboard/pages/forms/xeditable.html]
[crypto-admin-templates.multipurposethemes.com/business-analytics-dashboard/pages/tables/index.html]
[crypto-admin-templates.multipurposethemes.com/business-analytics-dashboard/pages/tables/simple.html]
[crypto-admin-templates.multipurposethemes.com/assets/vendor_plugins/DataTables-1.10.15/extensions/Buttons/js/dataTables.buttons.min.js]
[crypto-admin-templates.multipurposethemes.com/assets/vendor_plugins/bootstrap-wysihtml5/bootstrap3-wysihtml5.all.js]
[crypto-admin-templates.multipurposethemes.com/assets/vendor_components/x-editable/dist/bootstrap3-editable/js/bootstrap-editable.js]
[crypto-admin-templates.multipurposethemes.com/assets/vendor_plugins/DataTables-1.10.15/extensions/Buttons/js/buttons.flash.min.js]
[crypto-admin-templates.multipurposethemes.com/assets/vendor_plugins/DataTables-1.10.15/ex-js/jszip.min.js]
[crypto-admin-templates.multipurposethemes.com/assets/vendor_plugins/DataTables-1.10.15/extensions/Buttons/js/buttons.html5.min.js]
[crypto-admin-templates.multipurposethemes.com/assets/vendor_plugins/DataTables-1.10.15/extensions/Buttons/js/buttons.print.min.js]
[crypto-admin-templates.multipurposethemes.com/business-analytics-dashboard/pages/tables/data.html]
[crypto-admin-templates.multipurposethemes.com/assets/vendor_components/ckeditor/ckeditor.js]
[crypto-admin-templates.multipurposethemes.com/assets/vendor_components/tiny-editable/mindmup-editabletable.js]
[crypto-admin-templates.multipurposethemes.com/business-analytics-dashboard/pages/tables/editable-tables.html]
[crypto-admin-templates.multipurposethemes.com/business-analytics-dashboard/pages/tables/table-color.html]
[crypto-admin-templates.multipurposethemes.com/assets/vendor_components/tiny-editable/numeric-input-example.js]
[crypto-admin-templates.multipurposethemes.com/business-analytics-dashboard/pages/email/welcome.html]
[crypto-admin-templates.multipurposethemes.com/images/preview/email-welcome.png]
[crypto-admin-templates.multipurposethemes.com/business-analytics-dashboard/pages/email/verify-email.html]
[crypto-admin-templates.multipurposethemes.com/images/preview/email-verify-email.png]
[crypto-admin-templates.multipurposethemes.com/business-analytics-dashboard/pages/email/change-pass.html]
[crypto-admin-templates.multipurposethemes.com/images/preview/email-change-pass.png]
[crypto-admin-templates.multipurposethemes.com/business-analytics-dashboard/pages/email/update.html]
[crypto-admin-templates.multipurposethemes.com/images/preview/email-update.png]
[crypto-admin-templates.multipurposethemes.com/business-analytics-dashboard/pages/email/expired-card.html]
[crypto-admin-templates.multipurposethemes.com/images/preview/email-expired-card.png]
[crypto-admin-templates.multipurposethemes.com/business-analytics-dashboard/pages/email/closed-account.html]
[crypto-admin-templates.multipurposethemes.com/images/preview/email-closed-account.png]
[crypto-admin-templates.multipurposethemes.com/business-analytics-dashboard/pages/email/index.html]
[crypto-admin-templates.multipurposethemes.com/business-analytics-dashboard/pages/map/index.197.delayed]
[crypto-admin-templates.multipurposethemes.com/assets/vendor_plugins/DataTables-1.10.15/ex-js/pdfmake.min.js]
[crypto-admin-templates.multipurposethemes.com/assets/vendor_components/gmaps/gmaps.min.js]
[crypto-admin-templates.multipurposethemes.com/business-analytics-dashboard/pages/map/map-google.html]
[crypto-admin-templates.multipurposethemes.com/assets/vendor_components/gmaps/jquery.gmaps.js]
[crypto-admin-templates.multipurposethemes.com/assets/vendor_components/jvectormap/lib2/jquery-jvectormap-2.0.2.css]
[crypto-admin-templates.multipurposethemes.com/assets/vendor_components/jvectormap/lib2/jquery-jvectormap-2.0.2.min.js]
[crypto-admin-templates.multipurposethemes.com/assets/vendor_components/jvectormap/lib2/jquery-jvectormap-world-mill-en.js]
[crypto-admin-templates.multipurposethemes.com/assets/vendor_components/jvectormap/lib2/jquery-jvectormap-in-mill.js]
[crypto-admin-templates.multipurposethemes.com/assets/vendor_components/jvectormap/lib2/jquery-jvectormap-uk-mill-en.js]
[crypto-admin-templates.multipurposethemes.com/assets/vendor_components/jvectormap/lib2/jquery-jvectormap-us-aea-en.js]
[crypto-admin-templates.multipurposethemes.com/assets/vendor_plugins/DataTables-1.10.15/ex-js/vfs_fonts.js]
[crypto-admin-templates.multipurposethemes.com/assets/vendor_components/jvectormap/lib2/jquery-jvectormap-au-mill.js]
[crypto-admin-templates.multipurposethemes.com/business-analytics-dashboard/pages/map/map-vector.html]
[crypto-admin-templates.multipurposethemes.com/assets/vendor_components/jvectormap/lib2/jvectormap.custom.js]
[crypto-admin-templates.multipurposethemes.com/business-analytics-dashboard/pages/extension/index.html]
[crypto-admin-templates.multipurposethemes.com/assets/vendor_components/screenfull/screenfull.js]
[crypto-admin-templates.multipurposethemes.com/business-analytics-dashboard/pages/extension/fullscreen.html]
[crypto-admin-templates.multipurposethemes.com/business-analytics-dashboard/js/pages/fullscreen.js]
[crypto-admin-templates.multipurposethemes.com/business-analytics-dashboard/pages/samplepage/index.html]
[crypto-admin-templates.multipurposethemes.com/business-analytics-dashboard/pages/samplepage/blank.html]
[crypto-admin-templates.multipurposethemes.com/business-analytics-dashboard/pages/samplepage/coming-soon-1.html]
[crypto-admin-templates.multipurposethemes.com/images/preview/coming-soon-1.png]
[crypto-admin-templates.multipurposethemes.com/business-analytics-dashboard/pages/samplepage/coming-soon-2.html]
[crypto-admin-templates.multipurposethemes.com/images/preview/coming-soon-2.png]
[crypto-admin-templates.multipurposethemes.com/business-analytics-dashboard/pages/samplepage/coming-soon-3.html]
[crypto-admin-templates.multipurposethemes.com/images/preview/coming-soon-3.png]
[crypto-admin-templates.multipurposethemes.com/business-analytics-dashboard/pages/samplepage/coming-soon.html]
[crypto-admin-templates.multipurposethemes.com/images/gallery/thumb-sm/2.jpg]
[crypto-admin-templates.multipurposethemes.com/images/gallery/thumb-sm/3.jpg]
[crypto-admin-templates.multipurposethemes.com/images/gallery/thumb-sm/4.jpg]
[crypto-admin-templates.multipurposethemes.com/business-analytics-dashboard/pages/samplepage/custom-scroll.html]
[crypto-admin-templates.multipurposethemes.com/business-analytics-dashboard/pages/samplepage/faq.html]
[crypto-admin-templates.multipurposethemes.com/assets/vendor_components/gallery/css/animated-masonry-gallery.css]
[crypto-admin-templates.multipurposethemes.com/assets/vendor_components/lightbox-master/dist/ekko-lightbox.css]
[crypto-admin-templates.multipurposethemes.com/images/gallery/studio1.jpg]
[crypto-admin-templates.multipurposethemes.com/images/gallery/landscape1.jpg]
[crypto-admin-templates.multipurposethemes.com/images/gallery/studio2.jpg]
[crypto-admin-templates.multipurposethemes.com/images/gallery/studio25.jpg]
[crypto-admin-templates.multipurposethemes.com/images/gallery/landscape2.jpg]
[crypto-admin-templates.multipurposethemes.com/images/gallery/studio27.jpg]
[crypto-admin-templates.multipurposethemes.com/images/gallery/studio3.jpg]
[crypto-admin-templates.multipurposethemes.com/images/gallery/landscape3.jpg]
[crypto-admin-templates.multipurposethemes.com/images/gallery/studio26.jpg]
[crypto-admin-templates.multipurposethemes.com/images/gallery/studio4.jpg]
[crypto-admin-templates.multipurposethemes.com/images/gallery/landscape4.jpg]
[crypto-admin-templates.multipurposethemes.com/images/gallery/studio5.jpg]
[crypto-admin-templates.multipurposethemes.com/images/gallery/landscape5.jpg]
[crypto-admin-templates.multipurposethemes.com/images/gallery/studio6.jpg]
[crypto-admin-templates.multipurposethemes.com/images/gallery/landscape6.jpg]
[crypto-admin-templates.multipurposethemes.com/images/gallery/studio7.jpg]
[crypto-admin-templates.multipurposethemes.com/images/gallery/landscape7.jpg]
[crypto-admin-templates.multipurposethemes.com/images/gallery/studio8.jpg]
[crypto-admin-templates.multipurposethemes.com/images/gallery/landscape8.jpg]
[crypto-admin-templates.multipurposethemes.com/images/gallery/studio9.jpg]
[crypto-admin-templates.multipurposethemes.com/images/gallery/landscape9.jpg]
[crypto-admin-templates.multipurposethemes.com/images/gallery/studio10.jpg]
[crypto-admin-templates.multipurposethemes.com/images/gallery/landscape10.jpg]
[crypto-admin-templates.multipurposethemes.com/images/gallery/studio11.jpg]
[crypto-admin-templates.multipurposethemes.com/images/gallery/landscape11.jpg]
[crypto-admin-templates.multipurposethemes.com/images/gallery/studio12.jpg]
[crypto-admin-templates.multipurposethemes.com/images/gallery/landscape12.jpg]
[crypto-admin-templates.multipurposethemes.com/images/gallery/studio13.jpg]
[crypto-admin-templates.multipurposethemes.com/images/gallery/landscape13.jpg]
[crypto-admin-templates.multipurposethemes.com/images/gallery/studio14.jpg]
[crypto-admin-templates.multipurposethemes.com/images/gallery/landscape14.jpg]
[crypto-admin-templates.multipurposethemes.com/images/gallery/studio15.jpg]
[crypto-admin-templates.multipurposethemes.com/images/gallery/landscape15.jpg]
[crypto-admin-templates.multipurposethemes.com/images/gallery/studio16.jpg]
[crypto-admin-templates.multipurposethemes.com/images/gallery/landscape16.jpg]
[crypto-admin-templates.multipurposethemes.com/images/gallery/studio17.jpg]
[crypto-admin-templates.multipurposethemes.com/images/gallery/landscape17.jpg]
[crypto-admin-templates.multipurposethemes.com/images/gallery/studio18.jpg]
[crypto-admin-templates.multipurposethemes.com/images/gallery/landscape18.jpg]
[crypto-admin-templates.multipurposethemes.com/images/gallery/studio19.jpg]
[crypto-admin-templates.multipurposethemes.com/images/gallery/studio20.jpg]
[crypto-admin-templates.multipurposethemes.com/images/gallery/studio21.jpg]
[crypto-admin-templates.multipurposethemes.com/images/gallery/studio22.jpg]
[crypto-admin-templates.multipurposethemes.com/images/gallery/studio23.jpg]
[crypto-admin-templates.multipurposethemes.com/images/gallery/studio24.jpg]
[crypto-admin-templates.multipurposethemes.com/assets/vendor_components/gallery/js/animated-masonry-gallery.js]
[crypto-admin-templates.multipurposethemes.com/assets/vendor_components/gallery/js/jquery.isotope.min.js]
[crypto-admin-templates.multipurposethemes.com/business-analytics-dashboard/pages/samplepage/gallery.html]
[crypto-admin-templates.multipurposethemes.com/business-analytics-dashboard/js/pages/gallery.js]
[crypto-admin-templates.multipurposethemes.com/assets/vendor_components/lightbox-master/dist/ekko-lightbox.js]
[crypto-admin-templates.multipurposethemes.com/images/visa.png]
[crypto-admin-templates.multipurposethemes.com/images/mastercard.png]
[crypto-admin-templates.multipurposethemes.com/images/american-express.png]
[crypto-admin-templates.multipurposethemes.com/images/paypal2.png]
[crypto-admin-templates.multipurposethemes.com/assets/vendor_plugins/JqueryPrintArea/demo/jquery.PrintArea.js]
[crypto-admin-templates.multipurposethemes.com/business-analytics-dashboard/pages/samplepage/invoice.html]
[crypto-admin-templates.multipurposethemes.com/business-analytics-dashboard/js/pages/invoice.js]
[crypto-admin-templates.multipurposethemes.com/business-analytics-dashboard/pages/samplepage/www.youtube.com/watch7d1c]
[crypto-admin-templates.multipurposethemes.com/images/gallery/thumb/14.jpg]
[crypto-admin-templates.multipurposethemes.com/images/gallery/thumb/15.jpg]
[crypto-admin-templates.multipurposethemes.com/business-analytics-dashboard/pages/samplepage/lightbox.html]
[crypto-admin-templates.multipurposethemes.com/assets/vendor_plugins/pace/pace.min.css]
[crypto-admin-templates.multipurposethemes.com/business-analytics-dashboard/pages/samplepage/pace.html]
[crypto-admin-templates.multipurposethemes.com/business-analytics-dashboard/js/pages/pace.js]
[crypto-admin-templates.multipurposethemes.com/assets/vendor_components/PACE/pace.min.js]
[crypto-admin-templates.multipurposethemes.com/business-analytics-dashboard/pages/samplepage/pricing.html]
[crypto-admin-templates.multipurposethemes.com/business-analytics-dashboard/pages/samplepage/login.html]
[crypto-admin-templates.multipurposethemes.com/business-analytics-dashboard/pages/samplepage/register.html]
[crypto-admin-templates.multipurposethemes.com/business-analytics-dashboard/pages/samplepage/lockscreen.html]
[crypto-admin-templates.multipurposethemes.com/business-analytics-dashboard/pages/samplepage/user-pass.html]
[crypto-admin-templates.multipurposethemes.com/business-analytics-dashboard/pages/samplepage/404.html]
[crypto-admin-templates.multipurposethemes.com/business-analytics-dashboard/pages/samplepage/500.html]
[crypto-admin-templates.multipurposethemes.com/business-analytics-dashboard/pages/samplepage/maintenance.html]
[crypto-admin-templates.multipurposethemes.com/assets/vendor_components/font-awesome/css/font-awesome.css]
[crypto-admin-templates.multipurposethemes.com/assets/vendor_components/Ionicons/css/ionicons.css]
[crypto-admin-templates.multipurposethemes.com/assets/vendor_components/themify-icons/fonts/themify9f24.eot]
[crypto-admin-templates.multipurposethemes.com/assets/vendor_components/themify-icons/fonts/themifyd41d.eot]
[crypto-admin-templates.multipurposethemes.com/assets/vendor_components/themify-icons/fonts/themify9f24.woff]
[crypto-admin-templates.multipurposethemes.com/assets/vendor_components/themify-icons/fonts/themify9f24.ttf]
[crypto-admin-templates.multipurposethemes.com/assets/vendor_components/themify-icons/themify-icons.css]
[crypto-admin-templates.multipurposethemes.com/assets/vendor_components/linea-icons/fonts/linea-arrows-10.eot]
[crypto-admin-templates.multipurposethemes.com/assets/vendor_components/linea-icons/fonts/linea-arrows-10.woff]
[crypto-admin-templates.multipurposethemes.com/assets/vendor_components/linea-icons/fonts/linea-arrows-10.ttf]
[crypto-admin-templates.multipurposethemes.com/assets/vendor_components/linea-icons/fonts/linea-arrows-10d41d.eot]
[crypto-admin-templates.multipurposethemes.com/assets/vendor_components/linea-icons/fonts/linea-basic-10.eot]
[crypto-admin-templates.multipurposethemes.com/assets/vendor_components/linea-icons/fonts/linea-basic-10.woff]
[crypto-admin-templates.multipurposethemes.com/assets/vendor_components/linea-icons/fonts/linea-basic-10d41d.eot]
[crypto-admin-templates.multipurposethemes.com/assets/vendor_components/linea-icons/fonts/linea-basic-10.ttf]
[crypto-admin-templates.multipurposethemes.com/assets/vendor_components/linea-icons/fonts/linea-basic-elaboration-10.eot]
[crypto-admin-templates.multipurposethemes.com/assets/vendor_components/linea-icons/fonts/linea-basic-elaboration-10.woff]
[crypto-admin-templates.multipurposethemes.com/assets/vendor_components/linea-icons/fonts/linea-basic-elaboration-10d41d.eot]
[crypto-admin-templates.multipurposethemes.com/assets/vendor_components/linea-icons/fonts/linea-basic-elaboration-10.ttf]
[crypto-admin-templates.multipurposethemes.com/assets/vendor_components/linea-icons/fonts/linea-ecommerce-10.eot]
[crypto-admin-templates.multipurposethemes.com/assets/vendor_components/linea-icons/fonts/linea-ecommerce-10.woff]
[crypto-admin-templates.multipurposethemes.com/assets/vendor_components/linea-icons/fonts/linea-ecommerce-10.ttf]
[crypto-admin-templates.multipurposethemes.com/assets/vendor_components/linea-icons/fonts/linea-ecommerce-10d41d.eot]
[crypto-admin-templates.multipurposethemes.com/assets/vendor_components/linea-icons/fonts/linea-music-10.eot]
[crypto-admin-templates.multipurposethemes.com/assets/vendor_components/linea-icons/fonts/linea-music-10d41d.eot]
[crypto-admin-templates.multipurposethemes.com/assets/vendor_components/linea-icons/fonts/linea-music-10.woff]
[crypto-admin-templates.multipurposethemes.com/assets/vendor_components/linea-icons/fonts/linea-music-10.ttf]
[crypto-admin-templates.multipurposethemes.com/assets/vendor_components/linea-icons/fonts/linea-software-10.eot]
[crypto-admin-templates.multipurposethemes.com/assets/vendor_components/linea-icons/fonts/linea-software-10.woff]
[crypto-admin-templates.multipurposethemes.com/assets/vendor_components/linea-icons/fonts/linea-software-10d41d.eot]
[crypto-admin-templates.multipurposethemes.com/assets/vendor_components/linea-icons/fonts/linea-software-10.ttf]
[crypto-admin-templates.multipurposethemes.com/assets/vendor_components/linea-icons/fonts/linea-weather-10.eot]
[crypto-admin-templates.multipurposethemes.com/assets/vendor_components/linea-icons/fonts/linea-weather-10.woff]
[crypto-admin-templates.multipurposethemes.com/assets/vendor_components/linea-icons/fonts/linea-weather-10d41d.eot]
[crypto-admin-templates.multipurposethemes.com/assets/vendor_components/linea-icons/fonts/linea-weather-10.ttf]
[crypto-admin-templates.multipurposethemes.com/assets/vendor_components/linea-icons/linea.css]
[crypto-admin-templates.multipurposethemes.com/assets/vendor_components/glyphicons/glyphicons-halflings-regular.eot]
[crypto-admin-templates.multipurposethemes.com/assets/vendor_components/glyphicons/glyphicons-halflings-regular.woff2]
[crypto-admin-templates.multipurposethemes.com/assets/vendor_components/glyphicons/glyphicons-halflings-regular.woff]
[crypto-admin-templates.multipurposethemes.com/assets/vendor_components/glyphicons/glyphicons-halflings-regulard41d.eot]
[crypto-admin-templates.multipurposethemes.com/assets/vendor_components/glyphicons/glyphicons-halflings-regular.ttf]
[crypto-admin-templates.multipurposethemes.com/assets/vendor_components/glyphicons/glyphicon.css]
[crypto-admin-templates.multipurposethemes.com/assets/vendor_components/flag-icon/css/flag-icon.css]
[crypto-admin-templates.multipurposethemes.com/assets/vendor_components/material-design-iconic-font/css/materialdesignicons.css]
[crypto-admin-templates.multipurposethemes.com/assets/vendor_components/simple-line-icons-master/css/simple-line-icons.css]
[crypto-admin-templates.multipurposethemes.com/assets/vendor_components/cryptocoins-master/webfont/cryptocoins.woff2]
[crypto-admin-templates.multipurposethemes.com/assets/vendor_components/cryptocoins-master/webfont/cryptocoins.woff]
[crypto-admin-templates.multipurposethemes.com/assets/vendor_components/cryptocoins-master/webfont/cryptocoins.ttf]
[crypto-admin-templates.multipurposethemes.com/assets/vendor_components/cryptocoins-master/webfont/cryptocoins.css]
[crypto-admin-templates.multipurposethemes.com/assets/vendor_components/bootstrap/dist/css/bootstrap.min.css]
[crypto-admin-templates.multipurposethemes.com/business-analytics-dashboard/pages/reports/index.html]
[crypto-admin-templates.multipurposethemes.com/assets/vendor_components/FlipClock-master/compiled/flipclock.css]
[crypto-admin-templates.multipurposethemes.com/business-analytics-dashboard/pages/ico/index.html]
[crypto-admin-templates.multipurposethemes.com/assets/vendor_components/Magnific-Popup-master/dist/magnific-popup.css]
[crypto-admin-templates.multipurposethemes.com/assets/vendor_components/select2/dist/css/select2.min.css]
[crypto-admin-templates.multipurposethemes.com/business-analytics-dashboard/pages/currency-ex/index.html]
[crypto-admin-templates.multipurposethemes.com/business-analytics-dashboard/pages/members/index.html]
[crypto-admin-templates.multipurposethemes.com/business-analytics-dashboard/pages/tickers/index.html]
[crypto-admin-templates.multipurposethemes.com/business-analytics-dashboard/pages/transactions/index.html]
[crypto-admin-templates.multipurposethemes.com/business-analytics-dashboard/pages/charts/index.html]
[crypto-admin-templates.multipurposethemes.com/assets/vendor_components/morris.js/morris.css]
[crypto-admin-templates.multipurposethemes.com/assets/vendor_components/rickshaw-master/rickshaw.min.css]
[crypto-admin-templates.multipurposethemes.com/assets/vendor_components/nvd3/nv.d3.min.css]
[crypto-admin-templates.multipurposethemes.com/business-analytics-dashboard/pages/amcharts/index.html]
[crypto-admin-templates.multipurposethemes.com/business-analytics-dashboard/pages/app/index.html]
[crypto-admin-templates.multipurposethemes.com/assets/vendor_components/fullcalendar/dist/fullcalendar.min.css]
[crypto-admin-templates.multipurposethemes.com/assets/vendor_components/fullcalendar/dist/fullcalendar.print.min.css]
[crypto-admin-templates.multipurposethemes.com/assets/vendor_plugins/iCheck/flat/blue.png]
[crypto-admin-templates.multipurposethemes.com/assets/vendor_plugins/iCheck/flat/blue@2x.png]
[crypto-admin-templates.multipurposethemes.com/assets/vendor_plugins/iCheck/flat/blue.css]
[crypto-admin-templates.multipurposethemes.com/business-analytics-dashboard/pages/mailbox/index.html]
[crypto-admin-templates.multipurposethemes.com/assets/vendor_plugins/bootstrap-wysihtml5/bootstrap3-wysihtml5.min.css]
[crypto-admin-templates.multipurposethemes.com/business-analytics-dashboard/pages/UI/index.html]
[crypto-admin-templates.multipurposethemes.com/business-analytics-dashboard/pages/content/utilities-color.html]
[crypto-admin-templates.multipurposethemes.com/business-analytics-dashboard/pages/plugins/images/users/1.html]
[crypto-admin-templates.multipurposethemes.com/assets/vendor_components/bootstrap-datepicker/dist/css/bootstrap-datepicker.min.css]
[crypto-admin-templates.multipurposethemes.com/assets/vendor_components/nestable/nestable.css]
[crypto-admin-templates.multipurposethemes.com/assets/vendor_components/jquery-toast-plugin-master/src/jquery.toast.css]
[crypto-admin-templates.multipurposethemes.com/assets/vendor_components/gridstack/gridstack.css]
[crypto-admin-templates.multipurposethemes.com/assets/vendor_plugins/bootstrap-slider/slider.css]
[crypto-admin-templates.multipurposethemes.com/assets/vendor_components/sweetalert/sweetalert.css]
[crypto-admin-templates.multipurposethemes.com/assets/vendor_components/horizontal-timeline/css/horizontal-timeline.css]
[crypto-admin-templates.multipurposethemes.com/business-analytics-dashboard/pages/widgets/index.html]
[crypto-admin-templates.multipurposethemes.com/assets/vendor_components/weather-icons/weathericons-regular-webfont.eot]
[crypto-admin-templates.multipurposethemes.com/assets/vendor_components/weather-icons/weathericons-regular-webfont.woff]
[crypto-admin-templates.multipurposethemes.com/assets/vendor_components/weather-icons/weathericons-regular-webfont.ttf]
[crypto-admin-templates.multipurposethemes.com/assets/vendor_components/weather-icons/weathericons-regular-webfontd41d.eot]
[crypto-admin-templates.multipurposethemes.com/assets/vendor_components/weather-icons/weather-icons.css]
[crypto-admin-templates.multipurposethemes.com/business-analytics-dashboard/pages/layout/index.html]
[crypto-admin-templates.multipurposethemes.com/business-analytics-dashboard/pages/box/index.html]
[crypto-admin-templates.multipurposethemes.com/business-analytics-dashboard/pages/ui/general-2.html]
[crypto-admin-templates.multipurposethemes.com/assets/vendor_components/bootstrap-daterangepicker/daterangepicker.css]
[crypto-admin-templates.multipurposethemes.com/assets/vendor_plugins/iCheck/minimal/_all.css]
[crypto-admin-templates.multipurposethemes.com/assets/vendor_plugins/iCheck/square/_all.css]
[crypto-admin-templates.multipurposethemes.com/assets/vendor_plugins/iCheck/flat/_all.css]
[crypto-admin-templates.multipurposethemes.com/assets/vendor_plugins/iCheck/line/_all.css]
[crypto-admin-templates.multipurposethemes.com/assets/vendor_plugins/iCheck/polaris/polaris.css]
[crypto-admin-templates.multipurposethemes.com/assets/vendor_plugins/iCheck/all.css]
[crypto-admin-templates.multipurposethemes.com/assets/vendor_components/bootstrap-colorpicker/dist/css/bootstrap-colorpicker.min.css]
[crypto-admin-templates.multipurposethemes.com/assets/vendor_plugins/timepicker/bootstrap-timepicker.min.css]
[crypto-admin-templates.multipurposethemes.com/business-analytics-dashboard/pages/forms/index.html]
[crypto-admin-templates.multipurposethemes.com/assets/vendor_components/bootstrap-markdown-master/css/bootstrap-markdown.css]
[crypto-admin-templates.multipurposethemes.com/assets/vendor_plugins/iCheck/futurico/futurico.css]
[crypto-admin-templates.multipurposethemes.com/assets/vendor_plugins/bootstrap-wysihtml5/bootstrap3-wysihtml5.css]
[crypto-admin-templates.multipurposethemes.com/assets/vendor_plugins/bootstrap-wysihtml5/fonts/glyphicon.css]
[crypto-admin-templates.multipurposethemes.com/assets/vendor_components/x-editable/dist/bootstrap3-editable/img/loading.gif]
[crypto-admin-templates.multipurposethemes.com/assets/vendor_components/x-editable/dist/bootstrap3-editable/img/clear.png]
[crypto-admin-templates.multipurposethemes.com/assets/vendor_components/x-editable/dist/bootstrap3-editable/css/bootstrap-editable.css]
[crypto-admin-templates.multipurposethemes.com/business-analytics-dashboard/pages/tables/index.html]
[crypto-admin-templates.multipurposethemes.com/images/preview/bg.jpg]
[crypto-admin-templates.multipurposethemes.com/business-analytics-dashboard/pages/email/welcome.html]
[crypto-admin-templates.multipurposethemes.com/business-analytics-dashboard/pages/email/verify-email.html]
[crypto-admin-templates.multipurposethemes.com/business-analytics-dashboard/pages/email/change-pass.html]
[crypto-admin-templates.multipurposethemes.com/images/preview/1200x675.jpg]
[crypto-admin-templates.multipurposethemes.com/business-analytics-dashboard/pages/email/update.html]
[crypto-admin-templates.multipurposethemes.com/business-analytics-dashboard/pages/email/expired-card.html]
[crypto-admin-templates.multipurposethemes.com/business-analytics-dashboard/pages/email/closed-account.html]
[crypto-admin-templates.multipurposethemes.com/business-analytics-dashboard/pages/map/index.html]
[crypto-admin-templates.multipurposethemes.com/assets/vendor_components/jvectormap/lib2/jquery-jvectormap-2.0.2.css]
[crypto-admin-templates.multipurposethemes.com/business-analytics-dashboard/pages/extension/index.html]
[crypto-admin-templates.multipurposethemes.com/business-analytics-dashboard/pages/samplepage/index.html]
[crypto-admin-templates.multipurposethemes.com/images/gallery/full/3.jpg]
[crypto-admin-templates.multipurposethemes.com/business-analytics-dashboard/js/pages/comingsoon.js]
[crypto-admin-templates.multipurposethemes.com/business-analytics-dashboard/pages/samplepage/coming-soon-1.html]
[crypto-admin-templates.multipurposethemes.com/images/gallery/full/8.jpg]
[crypto-admin-templates.multipurposethemes.com/business-analytics-dashboard/pages/samplepage/coming-soon-2.html]
[crypto-admin-templates.multipurposethemes.com/images/preview/dashboard.png]
[crypto-admin-templates.multipurposethemes.com/business-analytics-dashboard/pages/samplepage/coming-soon-3.html]
[crypto-admin-templates.multipurposethemes.com/assets/vendor_components/gallery/css/animated-masonry-gallery.css]
[crypto-admin-templates.multipurposethemes.com/assets/vendor_components/lightbox-master/dist/ekko-lightbox.css]
[crypto-admin-templates.multipurposethemes.com/business-analytics-dashboard/pages/samplepage/www.youtube.com/watch7d1c.html]
[crypto-admin-templates.multipurposethemes.com/assets/vendor_plugins/pace/pace.min.css]
[crypto-admin-templates.multipurposethemes.com/assets/vendor_components/themify-icons/fonts/themify9f24.svg]
[crypto-admin-templates.multipurposethemes.com/assets/vendor_components/linea-icons/fonts/linea-arrows-10.svg]
[crypto-admin-templates.multipurposethemes.com/assets/vendor_components/linea-icons/fonts/linea-basic-10.svg]
[crypto-admin-templates.multipurposethemes.com/assets/vendor_components/linea-icons/fonts/linea-basic-elaboration-10.svg]
[crypto-admin-templates.multipurposethemes.com/assets/vendor_components/linea-icons/fonts/linea-ecommerce-10.svg]
[crypto-admin-templates.multipurposethemes.com/assets/vendor_components/linea-icons/fonts/linea-music-10.svg]
[crypto-admin-templates.multipurposethemes.com/assets/vendor_components/linea-icons/fonts/linea-software-10.svg]
[crypto-admin-templates.multipurposethemes.com/assets/vendor_components/linea-icons/fonts/linea-weather-10.svg]
[crypto-admin-templates.multipurposethemes.com/assets/vendor_components/glyphicons/glyphicons-halflings-regular.svg]
[crypto-admin-templates.multipurposethemes.com/assets/vendor_components/weather-icons/weathericons-regular-webfont.svg]
[crypto-admin-templates.multipurposethemes.com/assets/vendor_plugins/iCheck/minimal/red.png]
[crypto-admin-templates.multipurposethemes.com/assets/vendor_plugins/iCheck/minimal/red@2x.png]
[crypto-admin-templates.multipurposethemes.com/assets/vendor_plugins/iCheck/minimal/green.png]
[crypto-admin-templates.multipurposethemes.com/assets/vendor_plugins/iCheck/minimal/green@2x.png]
[crypto-admin-templates.multipurposethemes.com/assets/vendor_plugins/iCheck/minimal/blue.png]
[crypto-admin-templates.multipurposethemes.com/assets/vendor_plugins/iCheck/minimal/blue@2x.png]
[crypto-admin-templates.multipurposethemes.com/assets/vendor_plugins/iCheck/minimal/aero.png]
[crypto-admin-templates.multipurposethemes.com/assets/vendor_plugins/iCheck/minimal/aero@2x.png]
[crypto-admin-templates.multipurposethemes.com/assets/vendor_plugins/iCheck/minimal/grey.png]
[crypto-admin-templates.multipurposethemes.com/assets/vendor_plugins/iCheck/minimal/grey@2x.png]
[crypto-admin-templates.multipurposethemes.com/assets/vendor_plugins/iCheck/minimal/orange.png]
[crypto-admin-templates.multipurposethemes.com/assets/vendor_plugins/iCheck/minimal/orange@2x.png]
[crypto-admin-templates.multipurposethemes.com/assets/vendor_plugins/iCheck/minimal/yellow.png]
[crypto-admin-templates.multipurposethemes.com/assets/vendor_plugins/iCheck/minimal/yellow@2x.png]
[crypto-admin-templates.multipurposethemes.com/assets/vendor_plugins/iCheck/minimal/pink.png]
[crypto-admin-templates.multipurposethemes.com/assets/vendor_plugins/iCheck/minimal/pink@2x.png]
[crypto-admin-templates.multipurposethemes.com/assets/vendor_plugins/iCheck/minimal/purple.png]
[crypto-admin-templates.multipurposethemes.com/assets/vendor_plugins/iCheck/minimal/purple@2x.png]
[crypto-admin-templates.multipurposethemes.com/assets/vendor_plugins/iCheck/minimal/_all.css]
[crypto-admin-templates.multipurposethemes.com/assets/vendor_plugins/iCheck/square/square.png]
[crypto-admin-templates.multipurposethemes.com/assets/vendor_plugins/iCheck/square/square@2x.png]
[crypto-admin-templates.multipurposethemes.com/assets/vendor_plugins/iCheck/square/red.png]
[crypto-admin-templates.multipurposethemes.com/assets/vendor_plugins/iCheck/square/red@2x.png]
[crypto-admin-templates.multipurposethemes.com/assets/vendor_plugins/iCheck/square/green.png]
[crypto-admin-templates.multipurposethemes.com/assets/vendor_plugins/iCheck/square/green@2x.png]
[crypto-admin-templates.multipurposethemes.com/assets/vendor_plugins/iCheck/square/blue.png]
[crypto-admin-templates.multipurposethemes.com/assets/vendor_plugins/iCheck/square/blue@2x.png]
[crypto-admin-templates.multipurposethemes.com/assets/vendor_plugins/iCheck/square/aero.png]
[crypto-admin-templates.multipurposethemes.com/assets/vendor_plugins/iCheck/square/aero@2x.png]
[crypto-admin-templates.multipurposethemes.com/assets/vendor_plugins/iCheck/square/grey.png]
[crypto-admin-templates.multipurposethemes.com/assets/vendor_plugins/iCheck/square/grey@2x.png]
[crypto-admin-templates.multipurposethemes.com/assets/vendor_plugins/iCheck/square/orange.png]
[crypto-admin-templates.multipurposethemes.com/assets/vendor_plugins/iCheck/square/orange@2x.png]
[crypto-admin-templates.multipurposethemes.com/assets/vendor_plugins/iCheck/square/yellow.png]
[crypto-admin-templates.multipurposethemes.com/assets/vendor_plugins/iCheck/square/yellow@2x.png]
[crypto-admin-templates.multipurposethemes.com/assets/vendor_plugins/iCheck/square/pink.png]
[crypto-admin-templates.multipurposethemes.com/assets/vendor_plugins/iCheck/square/pink@2x.png]
[crypto-admin-templates.multipurposethemes.com/assets/vendor_plugins/iCheck/square/purple.png]
[crypto-admin-templates.multipurposethemes.com/assets/vendor_plugins/iCheck/square/purple@2x.png]
[crypto-admin-templates.multipurposethemes.com/assets/vendor_plugins/iCheck/square/_all.css]
[crypto-admin-templates.multipurposethemes.com/assets/vendor_plugins/iCheck/flat/flat.png]
[crypto-admin-templates.multipurposethemes.com/assets/vendor_plugins/iCheck/flat/flat@2x.png]
[crypto-admin-templates.multipurposethemes.com/assets/vendor_plugins/iCheck/flat/red.png]
[crypto-admin-templates.multipurposethemes.com/assets/vendor_plugins/iCheck/flat/red@2x.png]
[crypto-admin-templates.multipurposethemes.com/assets/vendor_plugins/iCheck/flat/green.png]
[crypto-admin-templates.multipurposethemes.com/assets/vendor_plugins/iCheck/flat/green@2x.png]
[crypto-admin-templates.multipurposethemes.com/assets/vendor_plugins/iCheck/flat/aero.png]
[crypto-admin-templates.multipurposethemes.com/assets/vendor_plugins/iCheck/flat/aero@2x.png]
[crypto-admin-templates.multipurposethemes.com/assets/vendor_plugins/iCheck/flat/grey.png]
[crypto-admin-templates.multipurposethemes.com/assets/vendor_plugins/iCheck/flat/grey@2x.png]
[crypto-admin-templates.multipurposethemes.com/assets/vendor_plugins/iCheck/flat/orange.png]
[crypto-admin-templates.multipurposethemes.com/assets/vendor_plugins/iCheck/flat/orange@2x.png]
[crypto-admin-templates.multipurposethemes.com/assets/vendor_plugins/iCheck/flat/yellow.png]
[crypto-admin-templates.multipurposethemes.com/assets/vendor_plugins/iCheck/flat/yellow@2x.png]
[crypto-admin-templates.multipurposethemes.com/assets/vendor_plugins/iCheck/flat/pink.png]
[crypto-admin-templates.multipurposethemes.com/assets/vendor_plugins/iCheck/flat/pink@2x.png]
[crypto-admin-templates.multipurposethemes.com/assets/vendor_plugins/iCheck/flat/purple.png]
[crypto-admin-templates.multipurposethemes.com/assets/vendor_plugins/iCheck/flat/purple@2x.png]
[crypto-admin-templates.multipurposethemes.com/assets/vendor_plugins/iCheck/flat/_all.css]
[crypto-admin-templates.multipurposethemes.com/assets/vendor_plugins/iCheck/line/line.png]
[crypto-admin-templates.multipurposethemes.com/assets/vendor_plugins/iCheck/line/line@2x.png]
[crypto-admin-templates.multipurposethemes.com/assets/vendor_plugins/iCheck/line/_all.css]
[crypto-admin-templates.multipurposethemes.com/assets/vendor_plugins/iCheck/polaris/polaris.png]
[crypto-admin-templates.multipurposethemes.com/assets/vendor_plugins/iCheck/polaris/polaris@2x.png]
[crypto-admin-templates.multipurposethemes.com/assets/vendor_plugins/iCheck/polaris/polaris.css]
[crypto-admin-templates.multipurposethemes.com/assets/vendor_plugins/iCheck/futurico/futurico.png]
[crypto-admin-templates.multipurposethemes.com/assets/vendor_plugins/iCheck/futurico/futurico@2x.png]
[crypto-admin-templates.multipurposethemes.com/assets/vendor_plugins/iCheck/futurico/futurico.css]
[crypto-admin-templates.multipurposethemes.com/assets/vendor_plugins/bootstrap-wysihtml5/fonts/glyphicons-halflings-regular.eot]
[crypto-admin-templates.multipurposethemes.com/assets/vendor_plugins/bootstrap-wysihtml5/fonts/glyphicons-halflings-regular.woff2]
[crypto-admin-templates.multipurposethemes.com/assets/vendor_plugins/bootstrap-wysihtml5/fonts/glyphicons-halflings-regulard41d.eot]
[crypto-admin-templates.multipurposethemes.com/assets/vendor_plugins/bootstrap-wysihtml5/fonts/glyphicons-halflings-regular.woff]
[crypto-admin-templates.multipurposethemes.com/assets/vendor_plugins/bootstrap-wysihtml5/fonts/glyphicons-halflings-regular.ttf]
[crypto-admin-templates.multipurposethemes.com/assets/vendor_plugins/bootstrap-wysihtml5/fonts/glyphicon.css]
[crypto-admin-templates.multipurposethemes.com/assets/vendor_plugins/bootstrap-wysihtml5/fonts/glyphicons-halflings-regular.svg]
